2023-03-13 13:37:42,719 - urllib3.connectionpool - DEBUG - Starting new HTTPS connection (1): api.telegram.org:443
2023-03-13 13:37:42,942 - urllib3.connectionpool - DEBUG - https://api.telegram.org:443 "GET /bot2049763311:AAE_Hag8ynuKvsEWiBijXAh_2gMxVMN6uu0/getMe HTTP/1.1" 200 213
2023-03-13 13:37:42,946 - urllib3.connectionpool - DEBUG - Starting new HTTPS connection (1): api.telegram.org:443
2023-03-13 13:37:47,177 - urllib3.connectionpool - DEBUG - https://api.telegram.org:443 "GET /bot2049763311:AAE_Hag8ynuKvsEWiBijXAh_2gMxVMN6uu0/getUpdates?offset=1&timeout=20 HTTP/1.1" 200 365
2023-03-13 13:37:47,178 - root - INFO - Получено сообщение: gdsgds
2023-03-13 13:37:47,180 - urllib3.connectionpool - DEBUG - Starting new HTTP connection (1): api.openweathermap.org:80
2023-03-13 13:37:47,321 - urllib3.connectionpool - DEBUG - http://api.openweathermap.org:80 "GET /data/2.5/weather?APPID=fddfda5827012a5f639e3ed88bf5c07f&lang=ru&q=gdsgds HTTP/1.1" 404 40
2023-03-13 13:37:47,322 - root - WARNING - Ошибка при обработке сообщения: Unable to find the resource
2023-03-13 13:37:47,323 - urllib3.connectionpool - DEBUG - Starting new HTTPS connection (1): api.telegram.org:443
2023-03-13 13:37:47,555 - urllib3.connectionpool - DEBUG - https://api.telegram.org:443 "POST /bot2049763311:AAE_Hag8ynuKvsEWiBijXAh_2gMxVMN6uu0/sendMessage?chat_id=1164594856&text=%D0%93%D0%BE%D1%80%D0%BE%D0%B4+%D0%BD%D0%B5+%D0%BD%D0%B0%D0%B9%D0%B4%D0%B5%D0%BD. HTTP/1.1" 200 376
2023-03-13 13:38:07,256 - urllib3.connectionpool - DEBUG - https://api.telegram.org:443 "GET /bot2049763311:AAE_Hag8ynuKvsEWiBijXAh_2gMxVMN6uu0/getUpdates?offset=60368115&timeout=20 HTTP/1.1" 200 23
2023-03-13 13:38:18,945 - urllib3.connectionpool - DEBUG - https://api.telegram.org:443 "GET /bot2049763311:AAE_Hag8ynuKvsEWiBijXAh_2gMxVMN6uu0/getUpdates?offset=60368115&timeout=20 HTTP/1.1" 200 365
2023-03-13 13:38:18,946 - root - INFO - Получено сообщение: Samara
2023-03-13 13:38:18,948 - urllib3.connectionpool - DEBUG - Starting new HTTP connection (1): api.openweathermap.org:80
2023-03-13 13:38:19,098 - urllib3.connectionpool - DEBUG - http://api.openweathermap.org:80 "GET /data/2.5/weather?APPID=fddfda5827012a5f639e3ed88bf5c07f&lang=ru&q=Samara HTTP/1.1" 200 527
2023-03-13 13:38:19,100 - urllib3.connectionpool - DEBUG - Starting new HTTP connection (1): api.openweathermap.org:80
2023-03-13 13:38:19,266 - urllib3.connectionpool - DEBUG - http://api.openweathermap.org:80 "GET /data/2.5/weather?APPID=fddfda5827012a5f639e3ed88bf5c07f&lang=ru&q=Samara HTTP/1.1" 200 527
2023-03-13 13:38:19,268 - urllib3.connectionpool - DEBUG - Starting new HTTP connection (1): api.openweathermap.org:80
2023-03-13 13:38:19,468 - urllib3.connectionpool - DEBUG - http://api.openweathermap.org:80 "GET /data/2.5/weather?APPID=fddfda5827012a5f639e3ed88bf5c07f&lang=ru&q=Samara HTTP/1.1" 200 527
2023-03-13 13:38:19,468 - root - INFO - Отправлен ответ пользователю 1164594856: погода в городе Samara: 0.33 градусов, ветер 3.89 м/c, влажность 100, давление 1012 мм.рт.ст, видимость 57, направление ветра 295 градусов, сила порывов ветра 7.8 м/c.
2023-03-13 13:38:19,470 - urllib3.connectionpool - DEBUG - Starting new HTTP connection (1): api.mymemory.translated.net:80
2023-03-13 13:38:19,596 - urllib3.connectionpool - DEBUG - http://api.mymemory.translated.net:80 "GET /get?q=March&langpair=en%7Cru HTTP/1.1" 301 134
2023-03-13 13:38:19,597 - urllib3.connectionpool - DEBUG - Starting new HTTPS connection (1): api.mymemory.translated.net:443
2023-03-13 13:38:20,074 - urllib3.connectionpool - DEBUG - https://api.mymemory.translated.net:443 "GET /get?q=March&langpair=en%7Cru HTTP/1.1" 200 526
2023-03-13 13:38:20,197 - urllib3.connectionpool - DEBUG - https://api.telegram.org:443 "POST /bot2049763311:AAE_Hag8ynuKvsEWiBijXAh_2gMxVMN6uu0/sendMessage?chat_id=1164594856&text=%D0%A1%D0%B5%D0%B3%D0%BE%D0%B4%D0%BD%D1%8F+13-03-2023+13%3A38%3A19+-+%D1%82%D0%B5%D0%BA%D1%83%D1%89%D0%B5%D0%B5+%D1%81%D0%B0%D0%BC%D0%B0%D1%80%D1%81%D0%BA%D0%BE%D0%B5+%D0%B2%D1%80%D0%B5%D0%BC%D1%8F.%0A%D0%92+%D0%B3%D0%BE%D1%80%D0%BE%D0%B4%D0%B5+Samara+%D1%81%D0%B5%D0%B9%D1%87%D0%B0%D1%81+%D1%81%D0%BD%D0%B5%D0%B3+%D0%B8+%D1%82%D0%B5%D0%BC%D0%BF%D0%B5%D1%80%D0%B0%D1%82%D1%83%D1%80%D0%B0+0.33+%C2%B0%D0%A1.%0A%D0%A1%D0%BA%D0%BE%D1%80%D0%BE%D1%81%D1%82%D1%8C+%D0%B2%D0%B5%D1%82%D1%80%D0%B0+%D1%81%D0%BE%D1%81%D1%82%D0%B0%D0%B2%D0%BB%D1%8F%D0%B5%D1%82+3.89+%D0%BC%2F%D1%81%2C+%D0%BF%D0%BE%D1%80%D1%8B%D0%B2+%D0%B4%D0%BE+7.8+%D0%BC%2F%D1%81.%0A%D0%9D%D0%B0%D0%BF%D1%80%D0%B0%D0%B2%D0%BB%D0%B5%D0%BD%D0%B8%D0%B5+%D0%BF%D0%BE%D1%82%D0%BE%D0%BA%D0%B0+%D0%BD%D0%B0+%D1%80%D0%BE%D0%B7%D0%B5+%D1%80%D1%83%D0%BC%D0%B1%D0%BE%D0%B2%3A+%D0%A1-%D0%97.%0A%D0%92%D0%B8%D0%B4%D0%B8%D0%BC%D0%BE%D1%81%D1%82%D1%8C+%D0%BD%D0%B5+%D0%B1%D0%BE%D0%BB%D0%B5%D0%B5+0+%D0%BA%D0%BC.%0A%D0%9E%D1%82%D0%BD%D0%BE%D1%81%D0%B8%D1%82%D0%B5%D0%BB%D1%8C%D0%BD%D0%B0%D1%8F+%D0%B2%D0%BB%D0%B0%D0%B6%D0%BD%D0%BE%D1%81%D1%82%D1%8C+%D0%B2%D0%BE%D0%B7%D0%B4%D1%83%D1%85%D0%B0+100+%25.%0A%D0%9A%D0%BE%D0%BB%D0%B8%D1%87%D0%B5%D1%81%D1%82%D0%B2%D0%BE+%D0%BE%D1%81%D0%B0%D0%B4%D0%BA%D0%BE%D0%B2+%D0%B7%D0%B0+%D0%BF%D0%BE%D1%81%D0%BB%D0%B5%D0%B4%D0%BD%D0%B8%D0%B9+%D1%87%D0%B0%D1%81+0+%D0%BC%D0%BC.%0A%D0%90%D1%82%D0%BC%D0%BE%D1%81%D1%84%D0%B5%D1%80%D0%BD%D0%BE%D0%B5+%D0%B4%D0%B0%D0%B2%D0%BB%D0%B5%D0%BD%D0%B8%D0%B5+%D1%81%D0%BE%D1%81%D1%82%D0%B0%D0%B2%D0%BB%D1%8F%D0%B5%D1%82+759+%D0%BC%D0%BC+%D1%80%D1%82.+%D1%81%D1%82.%2C+%D1%87%D1%82%D0%BE+%D0%BF%D1%80%D0%B8%D0%BC%D0%B5%D1%80%D0%BD%D0%BE+%D1%81%D0%BE%D1%81%D1%82%D0%B0%D0%B2%D0%BB%D1%8F%D0%B5%D1%82+1.33+%D0%B0%D1%82%D0%BC.%0A%D0%91%D0%BE%D0%BB%D0%B5%D0%B5+%D0%B4%D0%B5%D1%82%D0%B0%D0%BB%D1%8C%D0%BD%D0%BE%3A+https%3A%2F%2Fyandex.ru%2Fpogoda%2Fmaps%2Fnowcast%3Flat%3D53.0%26lon%3D50.0%26via%3Dhnaw%26%5Blang%3Dru_RU%5D%0A%0A%D0%A1%D0%B5%D0%B9%D1%87%D0%B0%D1%81+%D0%9C%D0%B0%D1%80%D1%82+%D0%B8+%D0%BD%D0%B0+%D0%B4%D0%B2%D0%BE%D1%80%D0%B5+%D0%B2%D0%B5%D1%81%D0%BD%D0%B0%2C+%D1%80%D0%B0%D0%B4%D1%83%D0%B9%D1%81%D1%8F+%D1%81%D0%BE%D0%BB%D0%BD%D1%8B%D1%88%D0%BA%D1%83+%D0%B8+%D1%81%D0%BC%D0%BE%D1%82%D1%80%D0%B8+%D0%BD%D0%B0+%D0%BF%D0%BE%D0%BF%D0%BA%D0%B8+%D0%B4%D0%B5%D0%B2%D0%BE%D1%87%D0%B5%D0%BA. HTTP/1.1" 200 2589
2023-03-13 13:38:39,023 - urllib3.connectionpool - DEBUG - https://api.telegram.org:443 "GET /bot2049763311:AAE_Hag8ynuKvsEWiBijXAh_2gMxVMN6uu0/getUpdates?offset=60368116&timeout=20 HTTP/1.1" 200 23
2023-03-13 13:38:59,094 - urllib3.connectionpool - DEBUG - https://api.telegram.org:443 "GET /bot2049763311:AAE_Hag8ynuKvsEWiBijXAh_2gMxVMN6uu0/getUpdates?offset=60368116&timeout=20 HTTP/1.1" 200 23
2023-03-13 13:39:19,161 - urllib3.connectionpool - DEBUG - https://api.telegram.org:443 "GET /bot2049763311:AAE_Hag8ynuKvsEWiBijXAh_2gMxVMN6uu0/getUpdates?offset=60368116&timeout=20 HTTP/1.1" 200 23
2023-03-13 13:39:39,231 - urllib3.connectionpool - DEBUG - https://api.telegram.org:443 "GET /bot2049763311:AAE_Hag8ynuKvsEWiBijXAh_2gMxVMN6uu0/getUpdates?offset=60368116&timeout=20 HTTP/1.1" 200 23
2023-03-13 13:39:59,301 - urllib3.connectionpool - DEBUG - https://api.telegram.org:443 "GET /bot2049763311:AAE_Hag8ynuKvsEWiBijXAh_2gMxVMN6uu0/getUpdates?offset=60368116&timeout=20 HTTP/1.1" 200 23
2023-03-13 13:40:19,370 - urllib3.connectionpool - DEBUG - https://api.telegram.org:443 "GET /bot2049763311:AAE_Hag8ynuKvsEWiBijXAh_2gMxVMN6uu0/getUpdates?offset=60368116&timeout=20 HTTP/1.1" 200 23
2023-03-13 13:40:39,437 - urllib3.connectionpool - DEBUG - https://api.telegram.org:443 "GET /bot2049763311:AAE_Hag8ynuKvsEWiBijXAh_2gMxVMN6uu0/getUpdates?offset=60368116&timeout=20 HTTP/1.1" 200 23
2023-03-13 13:40:59,524 - urllib3.connectionpool - DEBUG - https://api.telegram.org:443 "GET /bot2049763311:AAE_Hag8ynuKvsEWiBijXAh_2gMxVMN6uu0/getUpdates?offset=60368116&timeout=20 HTTP/1.1" 200 23
